<?xml version="1.0" encoding="UTF-8"?>
<!-- Generated by org.testng.reporters.JUnitReportReporter -->
<testsuite hostname="DESKTOP-U2P560E" failures="0" tests="1" name="runner.RegressionTestRunner" time="11.594" errors="0" timestamp="2022-08-02T14:55:27 EDT" skipped="0">
  <testcase classname="runner.RegressionTestRunner" name="runScenario" time="11.594"/>
  <system-out>
    <![CDATA[Browser : chrome
Url : https://www.amazon.com/]]>
  </system-out>
</testsuite> <!-- runner.RegressionTestRunner -->
